<?xml version="1.0" encoding="UTF-8"?>
<!-- Generated by org.testng.reporters.JUnitXMLReporter -->
<testsuite ignored="0" hostname="Smiley" failures="0" tests="3" name="Default test" time="122.444" errors="0" timestamp="2025-08-24T15:43:55 GMT-04:00">
  <testcase classname="com.testng.YahooAutomationTest" name="navigateToFinance" time="29.883"/>
  <testcase classname="com.testng.YahooAutomationTest" name="hoverOverMarketsAndClickMutualFunds" time="0.618"/>
  <testcase classname="com.testng.YahooAutomationTest" name="verifyTableData" time="9.603"/>
</testsuite> <!-- Default test -->
