<?xml version="1.0" encoding="UTF-8"?>
<testng-results ignored="0" total="3" passed="3" failed="0" skipped="0">
  <reporter-output>
  </reporter-output>
  <suite started-at="2025-08-24T15:41:52 GMT-04:00" name="Default suite" finished-at="2025-08-24T15:43:54 GMT-04:00" duration-ms="122444">
    <groups>
    </groups>
    <test started-at="2025-08-24T15:41:52 GMT-04:00" name="Default test" finished-at="2025-08-24T15:43:54 GMT-04:00" duration-ms="122444">
      <class name="com.testng.YahooAutomationTest">
        <test-method is-config="true" signature="setUp()[pri:0, instance:com.testng.YahooAutomationTest@24269709]" started-at="2025-08-24T15:41:52 GMT-04:00" name="setUp" finished-at="2025-08-24T15:43:14 GMT-04:00" duration-ms="81521" status="PASS">
          <reporter-output>
          </reporter-output>
        </test-method> <!-- setUp -->
        <test-method signature="navigateToFinance()[pri:1, instance:com.testng.YahooAutomationTest@24269709]" started-at="2025-08-24T15:43:14 GMT-04:00" name="navigateToFinance" finished-at="2025-08-24T15:43:44 GMT-04:00" duration-ms="29883" status="PASS">
          <reporter-output>
          </reporter-output>
        </test-method> <!-- navigateToFinance -->
        <test-method signature="hoverOverMarketsAndClickMutualFunds()[pri:2, instance:com.testng.YahooAutomationTest@24269709]" started-at="2025-08-24T15:43:44 GMT-04:00" name="hoverOverMarketsAndClickMutualFunds" finished-at="2025-08-24T15:43:44 GMT-04:00" duration-ms="618" status="PASS">
          <reporter-output>
          </reporter-output>
        </test-method> <!-- hoverOverMarketsAndClickMutualFunds -->
        <test-method signature="verifyTableData()[pri:3, instance:com.testng.YahooAutomationTest@24269709]" started-at="2025-08-24T15:43:44 GMT-04:00" name="verifyTableData" finished-at="2025-08-24T15:43:54 GMT-04:00" duration-ms="9603" status="PASS">
          <reporter-output>
          </reporter-output>
        </test-method> <!-- verifyTableData -->
        <test-method is-config="true" signature="tearDown()[pri:0, instance:com.testng.YahooAutomationTest@24269709]" started-at="2025-08-24T15:43:54 GMT-04:00" name="tearDown" finished-at="2025-08-24T15:43:54 GMT-04:00" duration-ms="687" status="PASS">
          <reporter-output>
          </reporter-output>
        </test-method> <!-- tearDown -->
      </class> <!-- com.testng.YahooAutomationTest -->
    </test> <!-- Default test -->
  </suite> <!-- Default suite -->
</testng-results>
